2016-11-01 16:17:04 [::1][-][-][error][yii\base\InvalidConfigException] exception 'yii\base\InvalidConfigException' with message 'yii\web\Request::cookieValidationKey must be configured with a secret key.' in C:\xampp\htdocs\assistance\vendor\yiisoft\yii2\web\Request.php:1254
Stack trace:
#0 C:\xampp\htdocs\assistance\vendor\yiisoft\yii2\web\Request.php(1236): yii\web\Request->loadCookies()
#1 C:\xampp\htdocs\assistance\vendor\yiisoft\yii2\web\Request.php(1321): yii\web\Request->getCookies()
#2 C:\xampp\htdocs\assistance\vendor\yiisoft\yii2\web\Request.php(1300): yii\web\Request->loadCsrfToken()
#3 C:\xampp\htdocs\assistance\vendor\yiisoft\yii2\helpers\BaseHtml.php(295): yii\web\Request->getCsrfToken()
#4 C:\xampp\htdocs\assistance\views\layouts\main.php(20): yii\helpers\BaseHtml::csrfMetaTags()
#5 C:\xampp\htdocs\assistance\vendor\yiisoft\yii2\base\View.php(326): require('C:\\xampp\\htdocs...')
#6 C:\xampp\htdocs\assistance\vendor\yiisoft\yii2\base\View.php(248): yii\base\View->renderPhpFile('C:\\xampp\\htdocs...', Array)
#7 C:\xampp\htdocs\assistance\vendor\yiisoft\yii2\base\Controller.php(393): yii\base\View->renderFile('C:\\xampp\\htdocs...', Array, Object(app\controllers\SiteController))
#8 C:\xampp\htdocs\assistance\vendor\yiisoft\yii2\base\Controller.php(379): yii\base\Controller->renderContent('<div class="sit...')
#9 C:\xampp\htdocs\assistance\controllers\SiteController.php(63): yii\base\Controller->render('index')
#10 [internal function]: app\controllers\SiteController->actionIndex()
#11 C:\xampp\htdocs\assistance\vendor\yiisoft\yii2\base\InlineAction.php(55): call_user_func_array(Array, Array)
#12 C:\xampp\htdocs\assistance\vendor\yiisoft\yii2\base\Controller.php(154): yii\base\InlineAction->runWithParams(Array)
#13 C:\xampp\htdocs\assistance\vendor\yiisoft\yii2\base\Module.php(454): yii\base\Controller->runAction('', Array)
#14 C:\xampp\htdocs\assistance\vendor\yiisoft\yii2\web\Application.php(100): yii\base\Module->runAction('', Array)
#15 C:\xampp\htdocs\assistance\vendor\yiisoft\yii2\base\Application.php(375): yii\web\Application->handleRequest(Object(yii\web\Request))
#16 C:\xampp\htdocs\assistance\web\index.php(12): yii\base\Application->run()
#17 {main}
2016-11-01 16:17:04 [::1][-][-][info][application] $_SERVER = [
    'MIBDIRS' => 'C:/xampp/php/extras/mibs'
    'MYSQL_HOME' => '\\xampp\\mysql\\bin'
    'OPENSSL_CONF' => 'C:/xampp/apache/bin/openssl.cnf'
    'PHP_PEAR_SYSCONF_DIR' => '\\xampp\\php'
    'PHPRC' => '\\xampp\\php'
    'TMP' => '\\xampp\\tmp'
    'HTTP_HOST' => 'localhost'
    'HTTP_CONNECTION' => 'keep-alive'
    'HTTP_UPGRADE_INSECURE_REQUESTS' => '1'
    'HTTP_USER_AGENT' => 'Mozilla/5.0 (Windows NT 10.0; WOW64) AppleWebKit/537.36 (KHTML, like Gecko) Chrome/54.0.2840.71 Safari/537.36'
    'HTTP_ACCEPT' => 'text/html,application/xhtml+xml,application/xml;q=0.9,image/webp,*/*;q=0.8'
    'HTTP_REFERER' => 'http://localhost/assistance/'
    'HTTP_ACCEPT_ENCODING' => 'gzip, deflate, sdch, br'
    'HTTP_ACCEPT_LANGUAGE' => 'es-419,es;q=0.8'
    'PATH' => 'C:\\WINDOWS\\system32;C:\\WINDOWS;C:\\WINDOWS\\System32\\Wbem;C:\\WINDOWS\\System32\\WindowsPowerShell\\v1.0\\;C:\\Program Files\\EasyFrom Inc\\;C:\\Users\\coordinador\\AppData\\Local\\Microsoft\\WindowsApps'
    'SystemRoot' => 'C:\\WINDOWS'
    'COMSPEC' => 'C:\\WINDOWS\\system32\\cmd.exe'
    'PATHEXT' => '.COM;.EXE;.BAT;.CMD;.VBS;.VBE;.JS;.JSE;.WSF;.WSH;.MSC'
    'WINDIR' => 'C:\\WINDOWS'
    'SERVER_SIGNATURE' => '<address>Apache/2.4.23 (Win32) OpenSSL/1.0.2h PHP/5.6.24 Server at localhost Port 80</address>
'
    'SERVER_SOFTWARE' => 'Apache/2.4.23 (Win32) OpenSSL/1.0.2h PHP/5.6.24'
    'SERVER_NAME' => 'localhost'
    'SERVER_ADDR' => '::1'
    'SERVER_PORT' => '80'
    'REMOTE_ADDR' => '::1'
    'DOCUMENT_ROOT' => 'C:/xampp/htdocs'
    'REQUEST_SCHEME' => 'http'
    'CONTEXT_PREFIX' => ''
    'CONTEXT_DOCUMENT_ROOT' => 'C:/xampp/htdocs'
    'SERVER_ADMIN' => 'postmaster@localhost'
    'SCRIPT_FILENAME' => 'C:/xampp/htdocs/assistance/web/index.php'
    'REMOTE_PORT' => '50845'
    'GATEWAY_INTERFACE' => 'CGI/1.1'
    'SERVER_PROTOCOL' => 'HTTP/1.1'
    'REQUEST_METHOD' => 'GET'
    'QUERY_STRING' => ''
    'REQUEST_URI' => '/assistance/web/'
    'SCRIPT_NAME' => '/assistance/web/index.php'
    'PHP_SELF' => '/assistance/web/index.php'
    'REQUEST_TIME_FLOAT' => 1478013424.341
    'REQUEST_TIME' => 1478013424
]
2016-11-01 16:54:30 [::1][-][uesc3of16j7lhub8blpripenq3][error][yii\web\HttpException:404] exception 'yii\base\InvalidRouteException' with message 'Unable to resolve the request "ggi".' in C:\xampp\htdocs\assistance\vendor\yiisoft\yii2\base\Module.php:462
Stack trace:
#0 C:\xampp\htdocs\assistance\vendor\yiisoft\yii2\web\Application.php(100): yii\base\Module->runAction('ggi', Array)
#1 C:\xampp\htdocs\assistance\vendor\yiisoft\yii2\base\Application.php(375): yii\web\Application->handleRequest(Object(yii\web\Request))
#2 C:\xampp\htdocs\assistance\web\index.php(12): yii\base\Application->run()
#3 {main}

Next exception 'yii\web\NotFoundHttpException' with message 'Page not found.' in C:\xampp\htdocs\assistance\vendor\yiisoft\yii2\web\Application.php:112
Stack trace:
#0 C:\xampp\htdocs\assistance\vendor\yiisoft\yii2\base\Application.php(375): yii\web\Application->handleRequest(Object(yii\web\Request))
#1 C:\xampp\htdocs\assistance\web\index.php(12): yii\base\Application->run()
#2 {main}
2016-11-01 16:54:30 [::1][-][uesc3of16j7lhub8blpripenq3][info][application] $_GET = [
    'r' => 'ggi'
]

$_COOKIE = [
    '_csrf' => 'bbf3067dbaf20a4c05c921f8f856273fe966817db29f810b01830dcd039c36aea:2:{i:0;s:5:\"_csrf\";i:1;s:32:\"sYoCWiTxYKVQ0jo_s__PZFPHkGviHncr\";}'
    'PHPSESSID' => 'uesc3of16j7lhub8blpripenq3'
]

$_SESSION = [
    '__flash' => []
    '__captcha/site/captcha' => 'neleji'
    '__captcha/site/captchacount' => 1
]

$_SERVER = [
    'MIBDIRS' => 'C:/xampp/php/extras/mibs'
    'MYSQL_HOME' => '\\xampp\\mysql\\bin'
    'OPENSSL_CONF' => 'C:/xampp/apache/bin/openssl.cnf'
    'PHP_PEAR_SYSCONF_DIR' => '\\xampp\\php'
    'PHPRC' => '\\xampp\\php'
    'TMP' => '\\xampp\\tmp'
    'HTTP_HOST' => 'localhost'
    'HTTP_CONNECTION' => 'keep-alive'
    'HTTP_UPGRADE_INSECURE_REQUESTS' => '1'
    'HTTP_USER_AGENT' => 'Mozilla/5.0 (Windows NT 10.0; WOW64) AppleWebKit/537.36 (KHTML, like Gecko) Chrome/54.0.2840.71 Safari/537.36'
    'HTTP_ACCEPT' => 'text/html,application/xhtml+xml,application/xml;q=0.9,image/webp,*/*;q=0.8'
    'HTTP_ACCEPT_ENCODING' => 'gzip, deflate, sdch, br'
    'HTTP_ACCEPT_LANGUAGE' => 'es-419,es;q=0.8'
    'HTTP_COOKIE' => '_csrf=bbf3067dbaf20a4c05c921f8f856273fe966817db29f810b01830dcd039c36aea%3A2%3A%7Bi%3A0%3Bs%3A5%3A%22_csrf%22%3Bi%3A1%3Bs%3A32%3A%22sYoCWiTxYKVQ0jo_s__PZFPHkGviHncr%22%3B%7D; PHPSESSID=uesc3of16j7lhub8blpripenq3'
    'PATH' => 'C:\\WINDOWS\\system32;C:\\WINDOWS;C:\\WINDOWS\\System32\\Wbem;C:\\WINDOWS\\System32\\WindowsPowerShell\\v1.0\\;C:\\Program Files\\EasyFrom Inc\\;C:\\Users\\coordinador\\AppData\\Local\\Microsoft\\WindowsApps'
    'SystemRoot' => 'C:\\WINDOWS'
    'COMSPEC' => 'C:\\WINDOWS\\system32\\cmd.exe'
    'PATHEXT' => '.COM;.EXE;.BAT;.CMD;.VBS;.VBE;.JS;.JSE;.WSF;.WSH;.MSC'
    'WINDIR' => 'C:\\WINDOWS'
    'SERVER_SIGNATURE' => '<address>Apache/2.4.23 (Win32) OpenSSL/1.0.2h PHP/5.6.24 Server at localhost Port 80</address>
'
    'SERVER_SOFTWARE' => 'Apache/2.4.23 (Win32) OpenSSL/1.0.2h PHP/5.6.24'
    'SERVER_NAME' => 'localhost'
    'SERVER_ADDR' => '::1'
    'SERVER_PORT' => '80'
    'REMOTE_ADDR' => '::1'
    'DOCUMENT_ROOT' => 'C:/xampp/htdocs'
    'REQUEST_SCHEME' => 'http'
    'CONTEXT_PREFIX' => ''
    'CONTEXT_DOCUMENT_ROOT' => 'C:/xampp/htdocs'
    'SERVER_ADMIN' => 'postmaster@localhost'
    'SCRIPT_FILENAME' => 'C:/xampp/htdocs/assistance/web/index.php'
    'REMOTE_PORT' => '51253'
    'GATEWAY_INTERFACE' => 'CGI/1.1'
    'SERVER_PROTOCOL' => 'HTTP/1.1'
    'REQUEST_METHOD' => 'GET'
    'QUERY_STRING' => 'r=ggi'
    'REQUEST_URI' => '/assistance/web/index.php?r=ggi'
    'SCRIPT_NAME' => '/assistance/web/index.php'
    'PHP_SELF' => '/assistance/web/index.php'
    'REQUEST_TIME_FLOAT' => 1478015670.445
    'REQUEST_TIME' => 1478015670
]
2016-11-01 16:54:38 [::1][-][-][error][yii\db\Exception] exception 'PDOException' with message 'SQLSTATE[HY000] [14] unable to open database file' in C:\xampp\htdocs\assistance\vendor\yiisoft\yii2\db\Connection.php:602
Stack trace:
#0 C:\xampp\htdocs\assistance\vendor\yiisoft\yii2\db\Connection.php(602): PDO->__construct('sqlite:/data', 'root', '', NULL)
#1 C:\xampp\htdocs\assistance\vendor\yiisoft\yii2\db\Connection.php(544): yii\db\Connection->createPdoInstance()
#2 C:\xampp\htdocs\assistance\vendor\yiisoft\yii2\db\Connection.php(863): yii\db\Connection->open()
#3 C:\xampp\htdocs\assistance\vendor\yiisoft\yii2\db\Connection.php(850): yii\db\Connection->getMasterPdo()
#4 C:\xampp\htdocs\assistance\vendor\yiisoft\yii2\db\Command.php(219): yii\db\Connection->getSlavePdo()
#5 C:\xampp\htdocs\assistance\vendor\yiisoft\yii2\db\Command.php(894): yii\db\Command->prepare('<span class="ke...')
#6 C:\xampp\htdocs\assistance\vendor\yiisoft\yii2\db\Command.php(405): yii\db\Command->queryInternal('<span class="st...', '<span class="nu...')
#7 C:\xampp\htdocs\assistance\vendor\yiisoft\yii2\db\sqlite\Schema.php(112): yii\db\Command->queryColumn()
#8 C:\xampp\htdocs\assistance\vendor\yiisoft\yii2\db\Schema.php(229): yii\db\sqlite\Schema->findTableNames('<span class="st...')
#9 C:\xampp\htdocs\assistance\vendor\yiisoft\yii2-gii\generators\model\Generator.php(158): yii\db\Schema->getTableNames()
#10 [internal function]: yii\gii\generators\model\Generator->yii\gii\generators\model\{closure}()
#11 C:\xampp\htdocs\assistance\vendor\yiisoft\yii2-gii\components\ActiveField.php(41): call_user_func(Object(Closure))
#12 C:\xampp\htdocs\assistance\vendor\yiisoft\yii2\base\Object.php(107): yii\gii\components\ActiveField->init()
#13 [internal function]: yii\base\Object->__construct('[<span class="s...')
#14 C:\xampp\htdocs\assistance\vendor\yiisoft\yii2\di\Container.php(379): ReflectionClass->newInstanceArgs('[[<span class="...')
#15 C:\xampp\htdocs\assistance\vendor\yiisoft\yii2\di\Container.php(154): yii\di\Container->build('<span class="st...', '[]', '[<span class="s...')
#16 C:\xampp\htdocs\assistance\vendor\yiisoft\yii2\BaseYii.php(344): yii\di\Container->get('<span class="st...', '[]', '[<span class="s...')
#17 C:\xampp\htdocs\assistance\vendor\yiisoft\yii2\widgets\ActiveForm.php(293): yii\BaseYii::createObject('[<span class="s...')
#18 C:\xampp\htdocs\assistance\vendor\yiisoft\yii2-gii\generators\model\form.php(9): yii\widgets\ActiveForm->field(Object(yii\gii\generators\model\Generator), '<span class="st...')
#19 C:\xampp\htdocs\assistance\vendor\yiisoft\yii2\base\View.php(326): require('C:\\xampp\\htdocs...')
#20 C:\xampp\htdocs\assistance\vendor\yiisoft\yii2\base\View.php(248): yii\base\View->renderPhpFile('<span class="st...', '[<span class="s...')
#21 C:\xampp\htdocs\assistance\vendor\yiisoft\yii2-gii\views\default\view.php(38): yii\base\View->renderFile('<span class="st...', '[<span class="s...')
#22 C:\xampp\htdocs\assistance\vendor\yiisoft\yii2\base\View.php(326): require('C:\\xampp\\htdocs...')
#23 C:\xampp\htdocs\assistance\vendor\yiisoft\yii2\base\View.php(248): yii\base\View->renderPhpFile('<span class="st...', '[<span class="s...')
#24 C:\xampp\htdocs\assistance\vendor\yiisoft\yii2\base\View.php(150): yii\base\View->renderFile('<span class="st...', '[<span class="s...', Object(yii\gii\controllers\DefaultController))
#25 C:\xampp\htdocs\assistance\vendor\yiisoft\yii2\base\Controller.php(378): yii\base\View->render('<span class="st...', '[<span class="s...', Object(yii\gii\controllers\DefaultController))
#26 C:\xampp\htdocs\assistance\vendor\yiisoft\yii2-gii\controllers\DefaultController.php(61): yii\base\Controller->render('<span class="st...', '[<span class="s...')
#27 [internal function]: yii\gii\controllers\DefaultController->actionView('<span class="st...')
#28 C:\xampp\htdocs\assistance\vendor\yiisoft\yii2\base\InlineAction.php(55): call_user_func_array('[<span class="t...', '[<span class="s...')
#29 C:\xampp\htdocs\assistance\vendor\yiisoft\yii2\base\Controller.php(154): yii\base\InlineAction->runWithParams('[<span class="s...')
#30 C:\xampp\htdocs\assistance\vendor\yiisoft\yii2\base\Module.php(454): yii\base\Controller->runAction('<span class="st...', '[<span class="s...')
#31 C:\xampp\htdocs\assistance\vendor\yiisoft\yii2\web\Application.php(100): yii\base\Module->runAction('<span class="st...', '[<span class="s...')
#32 C:\xampp\htdocs\assistance\vendor\yiisoft\yii2\base\Application.php(375): yii\web\Application->handleRequest(Object(yii\web\Request))
#33 C:\xampp\htdocs\assistance\web\index.php(12): yii\base\Application->run()
#34 {main}

Next exception 'yii\db\Exception' with message 'SQLSTATE[HY000] [14] unable to open database file' in C:\xampp\htdocs\assistance\vendor\yiisoft\yii2\db\Connection.php:549
Stack trace:
#0 C:\xampp\htdocs\assistance\vendor\yiisoft\yii2\db\Connection.php(863): yii\db\Connection->open()
#1 C:\xampp\htdocs\assistance\vendor\yiisoft\yii2\db\Connection.php(850): yii\db\Connection->getMasterPdo()
#2 C:\xampp\htdocs\assistance\vendor\yiisoft\yii2\db\Command.php(219): yii\db\Connection->getSlavePdo()
#3 C:\xampp\htdocs\assistance\vendor\yiisoft\yii2\db\Command.php(894): yii\db\Command->prepare('<span class="ke...')
#4 C:\xampp\htdocs\assistance\vendor\yiisoft\yii2\db\Command.php(405): yii\db\Command->queryInternal('<span class="st...', '<span class="nu...')
#5 C:\xampp\htdocs\assistance\vendor\yiisoft\yii2\db\sqlite\Schema.php(112): yii\db\Command->queryColumn()
#6 C:\xampp\htdocs\assistance\vendor\yiisoft\yii2\db\Schema.php(229): yii\db\sqlite\Schema->findTableNames('<span class="st...')
#7 C:\xampp\htdocs\assistance\vendor\yiisoft\yii2-gii\generators\model\Generator.php(158): yii\db\Schema->getTableNames()
#8 [internal function]: yii\gii\generators\model\Generator->yii\gii\generators\model\{closure}()
#9 C:\xampp\htdocs\assistance\vendor\yiisoft\yii2-gii\components\ActiveField.php(41): call_user_func(Object(Closure))
#10 C:\xampp\htdocs\assistance\vendor\yiisoft\yii2\base\Object.php(107): yii\gii\components\ActiveField->init()
#11 [internal function]: yii\base\Object->__construct('[<span class="s...')
#12 C:\xampp\htdocs\assistance\vendor\yiisoft\yii2\di\Container.php(379): ReflectionClass->newInstanceArgs('[[<span class="...')
#13 C:\xampp\htdocs\assistance\vendor\yiisoft\yii2\di\Container.php(154): yii\di\Container->build('<span class="st...', '[]', '[<span class="s...')
#14 C:\xampp\htdocs\assistance\vendor\yiisoft\yii2\BaseYii.php(344): yii\di\Container->get('<span class="st...', '[]', '[<span class="s...')
#15 C:\xampp\htdocs\assistance\vendor\yiisoft\yii2\widgets\ActiveForm.php(293): yii\BaseYii::createObject('[<span class="s...')
#16 C:\xampp\htdocs\assistance\vendor\yiisoft\yii2-gii\generators\model\form.php(9): yii\widgets\ActiveForm->field(Object(yii\gii\generators\model\Generator), '<span class="st...')
#17 C:\xampp\htdocs\assistance\vendor\yiisoft\yii2\base\View.php(326): require('C:\\xampp\\htdocs...')
#18 C:\xampp\htdocs\assistance\vendor\yiisoft\yii2\base\View.php(248): yii\base\View->renderPhpFile('<span class="st...', '[<span class="s...')
#19 C:\xampp\htdocs\assistance\vendor\yiisoft\yii2-gii\views\default\view.php(38): yii\base\View->renderFile('<span class="st...', '[<span class="s...')
#20 C:\xampp\htdocs\assistance\vendor\yiisoft\yii2\base\View.php(326): require('C:\\xampp\\htdocs...')
#21 C:\xampp\htdocs\assistance\vendor\yiisoft\yii2\base\View.php(248): yii\base\View->renderPhpFile('<span class="st...', '[<span class="s...')
#22 C:\xampp\htdocs\assistance\vendor\yiisoft\yii2\base\View.php(150): yii\base\View->renderFile('<span class="st...', '[<span class="s...', Object(yii\gii\controllers\DefaultController))
#23 C:\xampp\htdocs\assistance\vendor\yiisoft\yii2\base\Controller.php(378): yii\base\View->render('<span class="st...', '[<span class="s...', Object(yii\gii\controllers\DefaultController))
#24 C:\xampp\htdocs\assistance\vendor\yiisoft\yii2-gii\controllers\DefaultController.php(61): yii\base\Controller->render('<span class="st...', '[<span class="s...')
#25 [internal function]: yii\gii\controllers\DefaultController->actionView('<span class="st...')
#26 C:\xampp\htdocs\assistance\vendor\yiisoft\yii2\base\InlineAction.php(55): call_user_func_array('[<span class="t...', '[<span class="s...')
#27 C:\xampp\htdocs\assistance\vendor\yiisoft\yii2\base\Controller.php(154): yii\base\InlineAction->runWithParams('[<span class="s...')
#28 C:\xampp\htdocs\assistance\vendor\yiisoft\yii2\base\Module.php(454): yii\base\Controller->runAction('<span class="st...', '[<span class="s...')
#29 C:\xampp\htdocs\assistance\vendor\yiisoft\yii2\web\Application.php(100): yii\base\Module->runAction('<span class="st...', '[<span class="s...')
#30 C:\xampp\htdocs\assistance\vendor\yiisoft\yii2\base\Application.php(375): yii\web\Application->handleRequest(Object(yii\web\Request))
#31 C:\xampp\htdocs\assistance\web\index.php(12): yii\base\Application->run()
#32 {main}
Additional Information:

2016-11-01 16:54:36 [::1][-][-][info][application] $_GET = [
    'r' => 'gii/default/view'
    'id' => 'model'
]

$_COOKIE = [
    '_csrf' => 'bbf3067dbaf20a4c05c921f8f856273fe966817db29f810b01830dcd039c36aea:2:{i:0;s:5:\"_csrf\";i:1;s:32:\"sYoCWiTxYKVQ0jo_s__PZFPHkGviHncr\";}'
    'PHPSESSID' => 'uesc3of16j7lhub8blpripenq3'
]

$_SERVER = [
    'MIBDIRS' => 'C:/xampp/php/extras/mibs'
    'MYSQL_HOME' => '\\xampp\\mysql\\bin'
    'OPENSSL_CONF' => 'C:/xampp/apache/bin/openssl.cnf'
    'PHP_PEAR_SYSCONF_DIR' => '\\xampp\\php'
    'PHPRC' => '\\xampp\\php'
    'TMP' => '\\xampp\\tmp'
    'HTTP_HOST' => 'localhost'
    'HTTP_CONNECTION' => 'keep-alive'
    'HTTP_UPGRADE_INSECURE_REQUESTS' => '1'
    'HTTP_USER_AGENT' => 'Mozilla/5.0 (Windows NT 10.0; WOW64) AppleWebKit/537.36 (KHTML, like Gecko) Chrome/54.0.2840.71 Safari/537.36'
    'HTTP_ACCEPT' => 'text/html,application/xhtml+xml,application/xml;q=0.9,image/webp,*/*;q=0.8'
    'HTTP_REFERER' => 'http://localhost/assistance/web/index.php?r=gii'
    'HTTP_ACCEPT_ENCODING' => 'gzip, deflate, sdch, br'
    'HTTP_ACCEPT_LANGUAGE' => 'es-419,es;q=0.8'
    'HTTP_COOKIE' => '_csrf=bbf3067dbaf20a4c05c921f8f856273fe966817db29f810b01830dcd039c36aea%3A2%3A%7Bi%3A0%3Bs%3A5%3A%22_csrf%22%3Bi%3A1%3Bs%3A32%3A%22sYoCWiTxYKVQ0jo_s__PZFPHkGviHncr%22%3B%7D; PHPSESSID=uesc3of16j7lhub8blpripenq3'
    'PATH' => 'C:\\WINDOWS\\system32;C:\\WINDOWS;C:\\WINDOWS\\System32\\Wbem;C:\\WINDOWS\\System32\\WindowsPowerShell\\v1.0\\;C:\\Program Files\\EasyFrom Inc\\;C:\\Users\\coordinador\\AppData\\Local\\Microsoft\\WindowsApps'
    'SystemRoot' => 'C:\\WINDOWS'
    'COMSPEC' => 'C:\\WINDOWS\\system32\\cmd.exe'
    'PATHEXT' => '.COM;.EXE;.BAT;.CMD;.VBS;.VBE;.JS;.JSE;.WSF;.WSH;.MSC'
    'WINDIR' => 'C:\\WINDOWS'
    'SERVER_SIGNATURE' => '<address>Apache/2.4.23 (Win32) OpenSSL/1.0.2h PHP/5.6.24 Server at localhost Port 80</address>
'
    'SERVER_SOFTWARE' => 'Apache/2.4.23 (Win32) OpenSSL/1.0.2h PHP/5.6.24'
    'SERVER_NAME' => 'localhost'
    'SERVER_ADDR' => '::1'
    'SERVER_PORT' => '80'
    'REMOTE_ADDR' => '::1'
    'DOCUMENT_ROOT' => 'C:/xampp/htdocs'
    'REQUEST_SCHEME' => 'http'
    'CONTEXT_PREFIX' => ''
    'CONTEXT_DOCUMENT_ROOT' => 'C:/xampp/htdocs'
    'SERVER_ADMIN' => 'postmaster@localhost'
    'SCRIPT_FILENAME' => 'C:/xampp/htdocs/assistance/web/index.php'
    'REMOTE_PORT' => '51259'
    'GATEWAY_INTERFACE' => 'CGI/1.1'
    'SERVER_PROTOCOL' => 'HTTP/1.1'
    'REQUEST_METHOD' => 'GET'
    'QUERY_STRING' => 'r=gii%2Fdefault%2Fview&id=model'
    'REQUEST_URI' => '/assistance/web/index.php?r=gii%2Fdefault%2Fview&id=model'
    'SCRIPT_NAME' => '/assistance/web/index.php'
    'PHP_SELF' => '/assistance/web/index.php'
    'REQUEST_TIME_FLOAT' => 1478015676.869
    'REQUEST_TIME' => 1478015676
]
2016-11-01 16:55:00 [::1][-][-][error][yii\db\Exception] exception 'PDOException' with message 'SQLSTATE[HY000] [14] unable to open database file' in C:\xampp\htdocs\assistance\vendor\yiisoft\yii2\db\Connection.php:602
Stack trace:
#0 C:\xampp\htdocs\assistance\vendor\yiisoft\yii2\db\Connection.php(602): PDO->__construct('sqlite:/data.db', 'root', '', NULL)
#1 C:\xampp\htdocs\assistance\vendor\yiisoft\yii2\db\Connection.php(544): yii\db\Connection->createPdoInstance()
#2 C:\xampp\htdocs\assistance\vendor\yiisoft\yii2\db\Connection.php(863): yii\db\Connection->open()
#3 C:\xampp\htdocs\assistance\vendor\yiisoft\yii2\db\Connection.php(850): yii\db\Connection->getMasterPdo()
#4 C:\xampp\htdocs\assistance\vendor\yiisoft\yii2\db\Command.php(219): yii\db\Connection->getSlavePdo()
#5 C:\xampp\htdocs\assistance\vendor\yiisoft\yii2\db\Command.php(894): yii\db\Command->prepare('<span class="ke...')
#6 C:\xampp\htdocs\assistance\vendor\yiisoft\yii2\db\Command.php(405): yii\db\Command->queryInternal('<span class="st...', '<span class="nu...')
#7 C:\xampp\htdocs\assistance\vendor\yiisoft\yii2\db\sqlite\Schema.php(112): yii\db\Command->queryColumn()
#8 C:\xampp\htdocs\assistance\vendor\yiisoft\yii2\db\Schema.php(229): yii\db\sqlite\Schema->findTableNames('<span class="st...')
#9 C:\xampp\htdocs\assistance\vendor\yiisoft\yii2-gii\generators\model\Generator.php(158): yii\db\Schema->getTableNames()
#10 [internal function]: yii\gii\generators\model\Generator->yii\gii\generators\model\{closure}()
#11 C:\xampp\htdocs\assistance\vendor\yiisoft\yii2-gii\components\ActiveField.php(41): call_user_func(Object(Closure))
#12 C:\xampp\htdocs\assistance\vendor\yiisoft\yii2\base\Object.php(107): yii\gii\components\ActiveField->init()
#13 [internal function]: yii\base\Object->__construct('[<span class="s...')
#14 C:\xampp\htdocs\assistance\vendor\yiisoft\yii2\di\Container.php(379): ReflectionClass->newInstanceArgs('[[<span class="...')
#15 C:\xampp\htdocs\assistance\vendor\yiisoft\yii2\di\Container.php(154): yii\di\Container->build('<span class="st...', '[]', '[<span class="s...')
#16 C:\xampp\htdocs\assistance\vendor\yiisoft\yii2\BaseYii.php(344): yii\di\Container->get('<span class="st...', '[]', '[<span class="s...')
#17 C:\xampp\htdocs\assistance\vendor\yiisoft\yii2\widgets\ActiveForm.php(293): yii\BaseYii::createObject('[<span class="s...')
#18 C:\xampp\htdocs\assistance\vendor\yiisoft\yii2-gii\generators\model\form.php(9): yii\widgets\ActiveForm->field(Object(yii\gii\generators\model\Generator), '<span class="st...')
#19 C:\xampp\htdocs\assistance\vendor\yiisoft\yii2\base\View.php(326): require('C:\\xampp\\htdocs...')
#20 C:\xampp\htdocs\assistance\vendor\yiisoft\yii2\base\View.php(248): yii\base\View->renderPhpFile('<span class="st...', '[<span class="s...')
#21 C:\xampp\htdocs\assistance\vendor\yiisoft\yii2-gii\views\default\view.php(38): yii\base\View->renderFile('<span class="st...', '[<span class="s...')
#22 C:\xampp\htdocs\assistance\vendor\yiisoft\yii2\base\View.php(326): require('C:\\xampp\\htdocs...')
#23 C:\xampp\htdocs\assistance\vendor\yiisoft\yii2\base\View.php(248): yii\base\View->renderPhpFile('<span class="st...', '[<span class="s...')
#24 C:\xampp\htdocs\assistance\vendor\yiisoft\yii2\base\View.php(150): yii\base\View->renderFile('<span class="st...', '[<span class="s...', Object(yii\gii\controllers\DefaultController))
#25 C:\xampp\htdocs\assistance\vendor\yiisoft\yii2\base\Controller.php(378): yii\base\View->render('<span class="st...', '[<span class="s...', Object(yii\gii\controllers\DefaultController))
#26 C:\xampp\htdocs\assistance\vendor\yiisoft\yii2-gii\controllers\DefaultController.php(61): yii\base\Controller->render('<span class="st...', '[<span class="s...')
#27 [internal function]: yii\gii\controllers\DefaultController->actionView('<span class="st...')
#28 C:\xampp\htdocs\assistance\vendor\yiisoft\yii2\base\InlineAction.php(55): call_user_func_array('[<span class="t...', '[<span class="s...')
#29 C:\xampp\htdocs\assistance\vendor\yiisoft\yii2\base\Controller.php(154): yii\base\InlineAction->runWithParams('[<span class="s...')
#30 C:\xampp\htdocs\assistance\vendor\yiisoft\yii2\base\Module.php(454): yii\base\Controller->runAction('<span class="st...', '[<span class="s...')
#31 C:\xampp\htdocs\assistance\vendor\yiisoft\yii2\web\Application.php(100): yii\base\Module->runAction('<span class="st...', '[<span class="s...')
#32 C:\xampp\htdocs\assistance\vendor\yiisoft\yii2\base\Application.php(375): yii\web\Application->handleRequest(Object(yii\web\Request))
#33 C:\xampp\htdocs\assistance\web\index.php(12): yii\base\Application->run()
#34 {main}

Next exception 'yii\db\Exception' with message 'SQLSTATE[HY000] [14] unable to open database file' in C:\xampp\htdocs\assistance\vendor\yiisoft\yii2\db\Connection.php:549
Stack trace:
#0 C:\xampp\htdocs\assistance\vendor\yiisoft\yii2\db\Connection.php(863): yii\db\Connection->open()
#1 C:\xampp\htdocs\assistance\vendor\yiisoft\yii2\db\Connection.php(850): yii\db\Connection->getMasterPdo()
#2 C:\xampp\htdocs\assistance\vendor\yiisoft\yii2\db\Command.php(219): yii\db\Connection->getSlavePdo()
#3 C:\xampp\htdocs\assistance\vendor\yiisoft\yii2\db\Command.php(894): yii\db\Command->prepare('<span class="ke...')
#4 C:\xampp\htdocs\assistance\vendor\yiisoft\yii2\db\Command.php(405): yii\db\Command->queryInternal('<span class="st...', '<span class="nu...')
#5 C:\xampp\htdocs\assistance\vendor\yiisoft\yii2\db\sqlite\Schema.php(112): yii\db\Command->queryColumn()
#6 C:\xampp\htdocs\assistance\vendor\yiisoft\yii2\db\Schema.php(229): yii\db\sqlite\Schema->findTableNames('<span class="st...')
#7 C:\xampp\htdocs\assistance\vendor\yiisoft\yii2-gii\generators\model\Generator.php(158): yii\db\Schema->getTableNames()
#8 [internal function]: yii\gii\generators\model\Generator->yii\gii\generators\model\{closure}()
#9 C:\xampp\htdocs\assistance\vendor\yiisoft\yii2-gii\components\ActiveField.php(41): call_user_func(Object(Closure))
#10 C:\xampp\htdocs\assistance\vendor\yiisoft\yii2\base\Object.php(107): yii\gii\components\ActiveField->init()
#11 [internal function]: yii\base\Object->__construct('[<span class="s...')
#12 C:\xampp\htdocs\assistance\vendor\yiisoft\yii2\di\Container.php(379): ReflectionClass->newInstanceArgs('[[<span class="...')
#13 C:\xampp\htdocs\assistance\vendor\yiisoft\yii2\di\Container.php(154): yii\di\Container->build('<span class="st...', '[]', '[<span class="s...')
#14 C:\xampp\htdocs\assistance\vendor\yiisoft\yii2\BaseYii.php(344): yii\di\Container->get('<span class="st...', '[]', '[<span class="s...')
#15 C:\xampp\htdocs\assistance\vendor\yiisoft\yii2\widgets\ActiveForm.php(293): yii\BaseYii::createObject('[<span class="s...')
#16 C:\xampp\htdocs\assistance\vendor\yiisoft\yii2-gii\generators\model\form.php(9): yii\widgets\ActiveForm->field(Object(yii\gii\generators\model\Generator), '<span class="st...')
#17 C:\xampp\htdocs\assistance\vendor\yiisoft\yii2\base\View.php(326): require('C:\\xampp\\htdocs...')
#18 C:\xampp\htdocs\assistance\vendor\yiisoft\yii2\base\View.php(248): yii\base\View->renderPhpFile('<span class="st...', '[<span class="s...')
#19 C:\xampp\htdocs\assistance\vendor\yiisoft\yii2-gii\views\default\view.php(38): yii\base\View->renderFile('<span class="st...', '[<span class="s...')
#20 C:\xampp\htdocs\assistance\vendor\yiisoft\yii2\base\View.php(326): require('C:\\xampp\\htdocs...')
#21 C:\xampp\htdocs\assistance\vendor\yiisoft\yii2\base\View.php(248): yii\base\View->renderPhpFile('<span class="st...', '[<span class="s...')
#22 C:\xampp\htdocs\assistance\vendor\yiisoft\yii2\base\View.php(150): yii\base\View->renderFile('<span class="st...', '[<span class="s...', Object(yii\gii\controllers\DefaultController))
#23 C:\xampp\htdocs\assistance\vendor\yiisoft\yii2\base\Controller.php(378): yii\base\View->render('<span class="st...', '[<span class="s...', Object(yii\gii\controllers\DefaultController))
#24 C:\xampp\htdocs\assistance\vendor\yiisoft\yii2-gii\controllers\DefaultController.php(61): yii\base\Controller->render('<span class="st...', '[<span class="s...')
#25 [internal function]: yii\gii\controllers\DefaultController->actionView('<span class="st...')
#26 C:\xampp\htdocs\assistance\vendor\yiisoft\yii2\base\InlineAction.php(55): call_user_func_array('[<span class="t...', '[<span class="s...')
#27 C:\xampp\htdocs\assistance\vendor\yiisoft\yii2\base\Controller.php(154): yii\base\InlineAction->runWithParams('[<span class="s...')
#28 C:\xampp\htdocs\assistance\vendor\yiisoft\yii2\base\Module.php(454): yii\base\Controller->runAction('<span class="st...', '[<span class="s...')
#29 C:\xampp\htdocs\assistance\vendor\yiisoft\yii2\web\Application.php(100): yii\base\Module->runAction('<span class="st...', '[<span class="s...')
#30 C:\xampp\htdocs\assistance\vendor\yiisoft\yii2\base\Application.php(375): yii\web\Application->handleRequest(Object(yii\web\Request))
#31 C:\xampp\htdocs\assistance\web\index.php(12): yii\base\Application->run()
#32 {main}
Additional Information:

2016-11-01 16:54:59 [::1][-][-][info][application] $_GET = [
    'r' => 'gii/default/view'
    'id' => 'model'
]

$_COOKIE = [
    '_csrf' => 'bbf3067dbaf20a4c05c921f8f856273fe966817db29f810b01830dcd039c36aea:2:{i:0;s:5:\"_csrf\";i:1;s:32:\"sYoCWiTxYKVQ0jo_s__PZFPHkGviHncr\";}'
    'PHPSESSID' => 'uesc3of16j7lhub8blpripenq3'
]

$_SERVER = [
    'MIBDIRS' => 'C:/xampp/php/extras/mibs'
    'MYSQL_HOME' => '\\xampp\\mysql\\bin'
    'OPENSSL_CONF' => 'C:/xampp/apache/bin/openssl.cnf'
    'PHP_PEAR_SYSCONF_DIR' => '\\xampp\\php'
    'PHPRC' => '\\xampp\\php'
    'TMP' => '\\xampp\\tmp'
    'HTTP_HOST' => 'localhost'
    'HTTP_CONNECTION' => 'keep-alive'
    'HTTP_UPGRADE_INSECURE_REQUESTS' => '1'
    'HTTP_USER_AGENT' => 'Mozilla/5.0 (Windows NT 10.0; WOW64) AppleWebKit/537.36 (KHTML, like Gecko) Chrome/54.0.2840.71 Safari/537.36'
    'HTTP_ACCEPT' => 'text/html,application/xhtml+xml,application/xml;q=0.9,image/webp,*/*;q=0.8'
    'HTTP_REFERER' => 'http://localhost/assistance/web/index.php?r=gii'
    'HTTP_ACCEPT_ENCODING' => 'gzip, deflate, sdch, br'
    'HTTP_ACCEPT_LANGUAGE' => 'es-419,es;q=0.8'
    'HTTP_COOKIE' => '_csrf=bbf3067dbaf20a4c05c921f8f856273fe966817db29f810b01830dcd039c36aea%3A2%3A%7Bi%3A0%3Bs%3A5%3A%22_csrf%22%3Bi%3A1%3Bs%3A32%3A%22sYoCWiTxYKVQ0jo_s__PZFPHkGviHncr%22%3B%7D; PHPSESSID=uesc3of16j7lhub8blpripenq3'
    'PATH' => 'C:\\WINDOWS\\system32;C:\\WINDOWS;C:\\WINDOWS\\System32\\Wbem;C:\\WINDOWS\\System32\\WindowsPowerShell\\v1.0\\;C:\\Program Files\\EasyFrom Inc\\;C:\\Users\\coordinador\\AppData\\Local\\Microsoft\\WindowsApps'
    'SystemRoot' => 'C:\\WINDOWS'
    'COMSPEC' => 'C:\\WINDOWS\\system32\\cmd.exe'
    'PATHEXT' => '.COM;.EXE;.BAT;.CMD;.VBS;.VBE;.JS;.JSE;.WSF;.WSH;.MSC'
    'WINDIR' => 'C:\\WINDOWS'
    'SERVER_SIGNATURE' => '<address>Apache/2.4.23 (Win32) OpenSSL/1.0.2h PHP/5.6.24 Server at localhost Port 80</address>
'
    'SERVER_SOFTWARE' => 'Apache/2.4.23 (Win32) OpenSSL/1.0.2h PHP/5.6.24'
    'SERVER_NAME' => 'localhost'
    'SERVER_ADDR' => '::1'
    'SERVER_PORT' => '80'
    'REMOTE_ADDR' => '::1'
    'DOCUMENT_ROOT' => 'C:/xampp/htdocs'
    'REQUEST_SCHEME' => 'http'
    'CONTEXT_PREFIX' => ''
    'CONTEXT_DOCUMENT_ROOT' => 'C:/xampp/htdocs'
    'SERVER_ADMIN' => 'postmaster@localhost'
    'SCRIPT_FILENAME' => 'C:/xampp/htdocs/assistance/web/index.php'
    'REMOTE_PORT' => '51263'
    'GATEWAY_INTERFACE' => 'CGI/1.1'
    'SERVER_PROTOCOL' => 'HTTP/1.1'
    'REQUEST_METHOD' => 'GET'
    'QUERY_STRING' => 'r=gii%2Fdefault%2Fview&id=model'
    'REQUEST_URI' => '/assistance/web/index.php?r=gii%2Fdefault%2Fview&id=model'
    'SCRIPT_NAME' => '/assistance/web/index.php'
    'PHP_SELF' => '/assistance/web/index.php'
    'REQUEST_TIME_FLOAT' => 1478015699.213
    'REQUEST_TIME' => 1478015699
]
2016-11-01 19:27:50 [::1][-][-][error][yii\base\ViewNotFoundException] exception 'yii\base\ViewNotFoundException' with message 'The view file does not exist: C:\xampp\htdocs\assistance\views\assistance\index.php' in C:\xampp\htdocs\assistance\vendor\yiisoft\yii2\base\View.php:227
Stack trace:
#0 C:\xampp\htdocs\assistance\vendor\yiisoft\yii2\base\View.php(150): yii\base\View->renderFile('C:\\xampp\\htdocs...', Array, Object(app\controllers\AssistanceController))
#1 C:\xampp\htdocs\assistance\vendor\yiisoft\yii2\base\Controller.php(378): yii\base\View->render('index', Array, Object(app\controllers\AssistanceController))
#2 C:\xampp\htdocs\assistance\controllers\AssistanceController.php(44): yii\base\Controller->render('index', Array)
#3 [internal function]: app\controllers\AssistanceController->actionIndex()
#4 C:\xampp\htdocs\assistance\vendor\yiisoft\yii2\base\InlineAction.php(55): call_user_func_array(Array, Array)
#5 C:\xampp\htdocs\assistance\vendor\yiisoft\yii2\base\Controller.php(154): yii\base\InlineAction->runWithParams(Array)
#6 C:\xampp\htdocs\assistance\vendor\yiisoft\yii2\base\Module.php(454): yii\base\Controller->runAction('', Array)
#7 C:\xampp\htdocs\assistance\vendor\yiisoft\yii2\web\Application.php(100): yii\base\Module->runAction('assistance', Array)
#8 C:\xampp\htdocs\assistance\vendor\yiisoft\yii2\base\Application.php(375): yii\web\Application->handleRequest(Object(yii\web\Request))
#9 C:\xampp\htdocs\assistance\web\index.php(12): yii\base\Application->run()
#10 {main}
2016-11-01 19:27:50 [::1][-][-][info][application] $_GET = [
    'r' => 'assistance'
]

$_COOKIE = [
    '_csrf' => 'bbf3067dbaf20a4c05c921f8f856273fe966817db29f810b01830dcd039c36aea:2:{i:0;s:5:\"_csrf\";i:1;s:32:\"sYoCWiTxYKVQ0jo_s__PZFPHkGviHncr\";}'
    'PHPSESSID' => 'uesc3of16j7lhub8blpripenq3'
]

$_SERVER = [
    'MIBDIRS' => 'C:/xampp/php/extras/mibs'
    'MYSQL_HOME' => '\\xampp\\mysql\\bin'
    'OPENSSL_CONF' => 'C:/xampp/apache/bin/openssl.cnf'
    'PHP_PEAR_SYSCONF_DIR' => '\\xampp\\php'
    'PHPRC' => '\\xampp\\php'
    'TMP' => '\\xampp\\tmp'
    'HTTP_HOST' => 'localhost'
    'HTTP_CONNECTION' => 'keep-alive'
    'HTTP_UPGRADE_INSECURE_REQUESTS' => '1'
    'HTTP_USER_AGENT' => 'Mozilla/5.0 (Windows NT 10.0; WOW64) AppleWebKit/537.36 (KHTML, like Gecko) Chrome/54.0.2840.71 Safari/537.36'
    'HTTP_ACCEPT' => 'text/html,application/xhtml+xml,application/xml;q=0.9,image/webp,*/*;q=0.8'
    'HTTP_ACCEPT_ENCODING' => 'gzip, deflate, sdch, br'
    'HTTP_ACCEPT_LANGUAGE' => 'es-419,es;q=0.8'
    'HTTP_COOKIE' => '_csrf=bbf3067dbaf20a4c05c921f8f856273fe966817db29f810b01830dcd039c36aea%3A2%3A%7Bi%3A0%3Bs%3A5%3A%22_csrf%22%3Bi%3A1%3Bs%3A32%3A%22sYoCWiTxYKVQ0jo_s__PZFPHkGviHncr%22%3B%7D; PHPSESSID=uesc3of16j7lhub8blpripenq3'
    'PATH' => 'C:\\WINDOWS\\system32;C:\\WINDOWS;C:\\WINDOWS\\System32\\Wbem;C:\\WINDOWS\\System32\\WindowsPowerShell\\v1.0\\;C:\\Program Files\\EasyFrom Inc\\;C:\\Users\\coordinador\\AppData\\Local\\Microsoft\\WindowsApps'
    'SystemRoot' => 'C:\\WINDOWS'
    'COMSPEC' => 'C:\\WINDOWS\\system32\\cmd.exe'
    'PATHEXT' => '.COM;.EXE;.BAT;.CMD;.VBS;.VBE;.JS;.JSE;.WSF;.WSH;.MSC'
    'WINDIR' => 'C:\\WINDOWS'
    'SERVER_SIGNATURE' => '<address>Apache/2.4.23 (Win32) OpenSSL/1.0.2h PHP/5.6.24 Server at localhost Port 80</address>
'
    'SERVER_SOFTWARE' => 'Apache/2.4.23 (Win32) OpenSSL/1.0.2h PHP/5.6.24'
    'SERVER_NAME' => 'localhost'
    'SERVER_ADDR' => '::1'
    'SERVER_PORT' => '80'
    'REMOTE_ADDR' => '::1'
    'DOCUMENT_ROOT' => 'C:/xampp/htdocs'
    'REQUEST_SCHEME' => 'http'
    'CONTEXT_PREFIX' => ''
    'CONTEXT_DOCUMENT_ROOT' => 'C:/xampp/htdocs'
    'SERVER_ADMIN' => 'postmaster@localhost'
    'SCRIPT_FILENAME' => 'C:/xampp/htdocs/assistance/web/index.php'
    'REMOTE_PORT' => '52834'
    'GATEWAY_INTERFACE' => 'CGI/1.1'
    'SERVER_PROTOCOL' => 'HTTP/1.1'
    'REQUEST_METHOD' => 'GET'
    'QUERY_STRING' => 'r=assistance'
    'REQUEST_URI' => '/assistance/web/index.php?r=assistance'
    'SCRIPT_NAME' => '/assistance/web/index.php'
    'PHP_SELF' => '/assistance/web/index.php'
    'REQUEST_TIME_FLOAT' => 1478024870.326
    'REQUEST_TIME' => 1478024870
]
2016-11-01 20:54:44 [::1][-][uesc3of16j7lhub8blpripenq3][error][yii\web\HttpException:404] exception 'yii\base\InvalidRouteException' with message 'Unable to resolve the request "assistance5D=".' in C:\xampp\htdocs\assistance\vendor\yiisoft\yii2\base\Module.php:462
Stack trace:
#0 C:\xampp\htdocs\assistance\vendor\yiisoft\yii2\web\Application.php(100): yii\base\Module->runAction('assistance5D=', Array)
#1 C:\xampp\htdocs\assistance\vendor\yiisoft\yii2\base\Application.php(375): yii\web\Application->handleRequest(Object(yii\web\Request))
#2 C:\xampp\htdocs\assistance\web\index.php(12): yii\base\Application->run()
#3 {main}

Next exception 'yii\web\NotFoundHttpException' with message 'Page not found.' in C:\xampp\htdocs\assistance\vendor\yiisoft\yii2\web\Application.php:112
Stack trace:
#0 C:\xampp\htdocs\assistance\vendor\yiisoft\yii2\base\Application.php(375): yii\web\Application->handleRequest(Object(yii\web\Request))
#1 C:\xampp\htdocs\assistance\web\index.php(12): yii\base\Application->run()
#2 {main}
2016-11-01 20:54:44 [::1][-][uesc3of16j7lhub8blpripenq3][info][application] $_GET = [
    'r' => 'assistance5D='
    'sort' => 'Hora'
    'page' => '2'
]

$_COOKIE = [
    '_csrf' => 'bbf3067dbaf20a4c05c921f8f856273fe966817db29f810b01830dcd039c36aea:2:{i:0;s:5:\"_csrf\";i:1;s:32:\"sYoCWiTxYKVQ0jo_s__PZFPHkGviHncr\";}'
    'PHPSESSID' => 'uesc3of16j7lhub8blpripenq3'
]

$_SESSION = [
    '__flash' => []
    '__captcha/site/captcha' => 'neleji'
    '__captcha/site/captchacount' => 1
]

$_SERVER = [
    'MIBDIRS' => 'C:/xampp/php/extras/mibs'
    'MYSQL_HOME' => '\\xampp\\mysql\\bin'
    'OPENSSL_CONF' => 'C:/xampp/apache/bin/openssl.cnf'
    'PHP_PEAR_SYSCONF_DIR' => '\\xampp\\php'
    'PHPRC' => '\\xampp\\php'
    'TMP' => '\\xampp\\tmp'
    'HTTP_HOST' => 'localhost'
    'HTTP_CONNECTION' => 'keep-alive'
    'HTTP_UPGRADE_INSECURE_REQUESTS' => '1'
    'HTTP_USER_AGENT' => 'Mozilla/5.0 (Windows NT 10.0; WOW64) AppleWebKit/537.36 (KHTML, like Gecko) Chrome/54.0.2840.71 Safari/537.36'
    'HTTP_ACCEPT' => 'text/html,application/xhtml+xml,application/xml;q=0.9,image/webp,*/*;q=0.8'
    'HTTP_ACCEPT_ENCODING' => 'gzip, deflate, sdch, br'
    'HTTP_ACCEPT_LANGUAGE' => 'es-419,es;q=0.8'
    'HTTP_COOKIE' => '_csrf=bbf3067dbaf20a4c05c921f8f856273fe966817db29f810b01830dcd039c36aea%3A2%3A%7Bi%3A0%3Bs%3A5%3A%22_csrf%22%3Bi%3A1%3Bs%3A32%3A%22sYoCWiTxYKVQ0jo_s__PZFPHkGviHncr%22%3B%7D; PHPSESSID=uesc3of16j7lhub8blpripenq3'
    'PATH' => 'C:\\WINDOWS\\system32;C:\\WINDOWS;C:\\WINDOWS\\System32\\Wbem;C:\\WINDOWS\\System32\\WindowsPowerShell\\v1.0\\;C:\\Program Files\\EasyFrom Inc\\;C:\\Users\\coordinador\\AppData\\Local\\Microsoft\\WindowsApps'
    'SystemRoot' => 'C:\\WINDOWS'
    'COMSPEC' => 'C:\\WINDOWS\\system32\\cmd.exe'
    'PATHEXT' => '.COM;.EXE;.BAT;.CMD;.VBS;.VBE;.JS;.JSE;.WSF;.WSH;.MSC'
    'WINDIR' => 'C:\\WINDOWS'
    'SERVER_SIGNATURE' => '<address>Apache/2.4.23 (Win32) OpenSSL/1.0.2h PHP/5.6.24 Server at localhost Port 80</address>
'
    'SERVER_SOFTWARE' => 'Apache/2.4.23 (Win32) OpenSSL/1.0.2h PHP/5.6.24'
    'SERVER_NAME' => 'localhost'
    'SERVER_ADDR' => '::1'
    'SERVER_PORT' => '80'
    'REMOTE_ADDR' => '::1'
    'DOCUMENT_ROOT' => 'C:/xampp/htdocs'
    'REQUEST_SCHEME' => 'http'
    'CONTEXT_PREFIX' => ''
    'CONTEXT_DOCUMENT_ROOT' => 'C:/xampp/htdocs'
    'SERVER_ADMIN' => 'postmaster@localhost'
    'SCRIPT_FILENAME' => 'C:/xampp/htdocs/assistance/web/index.php'
    'REMOTE_PORT' => '53120'
    'GATEWAY_INTERFACE' => 'CGI/1.1'
    'SERVER_PROTOCOL' => 'HTTP/1.1'
    'REQUEST_METHOD' => 'GET'
    'QUERY_STRING' => 'r=assistance5D=&sort=Hora&page=2'
    'REQUEST_URI' => '/assistance/web/index.php?r=assistance5D=&sort=Hora&page=2'
    'SCRIPT_NAME' => '/assistance/web/index.php'
    'PHP_SELF' => '/assistance/web/index.php'
    'REQUEST_TIME_FLOAT' => 1478030084.683
    'REQUEST_TIME' => 1478030084
]
